This is pdfTeX, Version 3.14159265-2.6-1.40.20 (MiKTeX 2.9.7250 64-bit) (preloaded format=pdflatex 2020.7.17)  6 NOV 2020 09:01
entering extended mode
**./Aqconfig.tex
(Aqconfig.tex
LaTeX2e <2020-02-02> patch level 5
expl3 <2019-10-28> L3 programming layer (sphinxmanual.cls
Document Class: sphinxmanual 2018/12/23 v2.0 Document class (Sphinx manual)
(C:\Users\mxtax\AppData\Local\Programs\MiKTeX\tex/latex/base\report.cls
Document Class: report 2019/12/20 v1.4l Standard LaTeX document class
(C:\Users\mxtax\AppData\Local\Programs\MiKTeX\tex/latex/base\size10.clo
File: size10.clo 2019/12/20 v1.4l Standard LaTeX file (size option)
)
\c@part=\count167
\c@chapter=\count168
\c@section=\count169
\c@subsection=\count170
\c@subsubsection=\count171
\c@paragraph=\count172
\c@subparagraph=\count173
\c@figure=\count174
\c@table=\count175
\abovecaptionskip=\skip47
\belowcaptionskip=\skip48
\bibindent=\dimen134
))
(C:\Users\mxtax\AppData\Local\Programs\MiKTeX\tex/latex/base\inputenc.sty
Package: inputenc 2018/08/11 v1.3c Input encoding file
\inpenc@prehook=\toks15
\inpenc@posthook=\toks16
)
   defining Unicode char U+00A0 (decimal 160)
   defining Unicode char U+2500 (decimal 9472)
   defining Unicode char U+2502 (decimal 9474)
   defining Unicode char U+2514 (decimal 9492)
   defining Unicode char U+251C (decimal 9500)
   defining Unicode char U+2572 (decimal 9586)

(C:\Users\mxtax\AppData\Roaming\MiKTeX\2.9\tex/latex/cmap\cmap.sty
Package: cmap 2008/03/06 v1.0h CMap support: searchable PDF
)
(C:\Users\mxtax\AppData\Local\Programs\MiKTeX\tex/latex/base\fontenc.sty
Package: fontenc 2020/02/11 v2.0o Standard LaTeX package
<<t1.cmap>>)
(C:\Users\mxtax\AppData\Local\Programs\MiKTeX\tex/latex/amsmath\amsmath.sty
Package: amsmath 2020/01/20 v2.17e AMS math features
\@mathmargin=\skip49

For additional information on amsmath, use the `?' option.
(C:\Users\mxtax\AppData\Local\Programs\MiKTeX\tex/latex/amsmath\amstext.sty
Package: amstext 2000/06/29 v2.01 AMS text

(C:\Users\mxtax\AppData\Local\Programs\MiKTeX\tex/latex/amsmath\amsgen.sty
File: amsgen.sty 1999/11/30 v2.0 generic functions
\@emptytoks=\toks17
\ex@=\dimen135
))
(C:\Users\mxtax\AppData\Local\Programs\MiKTeX\tex/latex/amsmath\amsbsy.sty
Package: amsbsy 1999/11/29 v1.2d Bold Symbols
\pmbraise@=\dimen136
)
(C:\Users\mxtax\AppData\Local\Programs\MiKTeX\tex/latex/amsmath\amsopn.sty
Package: amsopn 2016/03/08 v2.02 operator names
)
\inf@bad=\count176
LaTeX Info: Redefining \frac on input line 227.
\uproot@=\count177
\leftroot@=\count178
LaTeX Info: Redefining \overline on input line 389.
\classnum@=\count179
\DOTSCASE@=\count180
LaTeX Info: Redefining \ldots on input line 486.
LaTeX Info: Redefining \dots on input line 489.
LaTeX Info: Redefining \cdots on input line 610.
\Mathstrutbox@=\box45
\strutbox@=\box46
\big@size=\dimen137
LaTeX Font Info:    Redeclaring font encoding OML on input line 733.
LaTeX Font Info:    Redeclaring font encoding OMS on input line 734.
\macc@depth=\count181
\c@MaxMatrixCols=\count182
\dotsspace@=\muskip16
\c@parentequation=\count183
\dspbrk@lvl=\count184
\tag@help=\toks18
\row@=\count185
\column@=\count186
\maxfields@=\count187
\andhelp@=\toks19
\eqnshift@=\dimen138
\alignsep@=\dimen139
\tagshift@=\dimen140
\tagwidth@=\dimen141
\totwidth@=\dimen142
\lineht@=\dimen143
\@envbody=\toks20
\multlinegap=\skip50
\multlinetaggap=\skip51
\mathdisplay@stack=\toks21
LaTeX Info: Redefining \[ on input line 2859.
LaTeX Info: Redefining \] on input line 2860.
)
(C:\Users\mxtax\AppData\Local\Programs\MiKTeX\tex/latex/amsfonts\amssymb.sty
Package: amssymb 2013/01/14 v3.01 AMS font symbols

(C:\Users\mxtax\AppData\Local\Programs\MiKTeX\tex/latex/amsfonts\amsfonts.sty
Package: amsfonts 2013/01/14 v3.01 Basic AMSFonts support
\symAMSa=\mathgroup4
\symAMSb=\mathgroup5
LaTeX Font Info:    Redeclaring math symbol \hbar on input line 98.
LaTeX Font Info:    Overwriting math alphabet `\mathfrak' in version `bold'
(Font)                  U/euf/m/n --> U/euf/b/n on input line 106.
)) (C:\Users\mxtax\AppData\Local\Programs\MiKTeX\tex/generic/babel\babel.sty
Package: babel 2020/07/07 3.46 The Babel package

(C:\Users\mxtax\AppData\Local\Programs\MiKTeX\tex/generic/babel\babel.def
File: babel.def 2020/07/07 3.46 Babel common definitions
\babel@savecnt=\count188
\U@D=\dimen144
\l@babelnohyphens=\language82

(C:\Users\mxtax\AppData\Local\Programs\MiKTeX\tex/generic/babel\txtbabel.def)
\bbl@readstream=\read2
)
\bbl@dirlevel=\count189

*************************************
* Local config file bblopts.cfg used
*
(C:\Users\mxtax\AppData\Roaming\MiKTeX\2.9\tex/latex/arabi\bblopts.cfg
File: bblopts.cfg 2005/09/08 v0.1 add Arabic and Farsi to "declared" options of
 babel
)
(C:\Users\mxtax\AppData\Local\Programs\MiKTeX\tex/latex/babel-english\english.l
df
Language: english 2017/06/06 v3.3r English support from the babel system
Package babel Info: \l@canadian = using hyphenrules for english
(babel)             (\language0) on input line 102.
Package babel Info: \l@australian = using hyphenrules for ukenglish
(babel)             (\language76) on input line 105.
Package babel Info: \l@newzealand = using hyphenrules for ukenglish
(babel)             (\language76) on input line 108.
)) ("C:\Program Files\MiKTeX 2.9\tex/latex/psnfss\times.sty"
Package: times 2005/04/12 PSNFSS-v9.2a (SPQR) 
)
(C:\Users\mxtax\AppData\Local\Programs\MiKTeX\tex/latex/fncychap\fncychap.sty
Package: fncychap 2007/07/30 v1.34 LaTeX package (Revised chapters)
\RW=\skip52
\mylen=\skip53
\myhi=\skip54
\px=\skip55
\py=\skip56
\pyy=\skip57
\pxx=\skip58
\c@AlphaCnt=\count190
\c@AlphaDecCnt=\count191
)
(sphinx.sty
Package: sphinx 2019/06/04 v2.1.1 LaTeX package (Sphinx markup)

(C:\Users\mxtax\AppData\Roaming\MiKTeX\2.9\tex/generic/ltxcmds\ltxcmds.sty
Package: ltxcmds 2019/12/15 v1.24 LaTeX kernel commands for general use (HO)
)
(C:\Users\mxtax\AppData\Local\Programs\MiKTeX\tex/latex/graphics\graphicx.sty
Package: graphicx 2019/11/30 v1.2a Enhanced LaTeX Graphics (DPC,SPQR)

(C:\Users\mxtax\AppData\Local\Programs\MiKTeX\tex/latex/graphics\keyval.sty
Package: keyval 2014/10/28 v1.15 key=value parser (DPC)
\KV@toks@=\toks22
)
(C:\Users\mxtax\AppData\Local\Programs\MiKTeX\tex/latex/graphics\graphics.sty
Package: graphics 2019/11/30 v1.4a Standard LaTeX Graphics (DPC,SPQR)

(C:\Users\mxtax\AppData\Local\Programs\MiKTeX\tex/latex/graphics\trig.sty
Package: trig 2016/01/03 v1.10 sin cos tan (DPC)
)
(C:\Users\mxtax\AppData\Local\Programs\MiKTeX\tex/latex/graphics-cfg\graphics.c
fg
File: graphics.cfg 2016/06/04 v1.11 sample graphics configuration
)
Package graphics Info: Driver file: pdftex.def on input line 105.

(C:\Users\mxtax\AppData\Local\Programs\MiKTeX\tex/latex/graphics-def\pdftex.def
File: pdftex.def 2018/01/08 v1.0l Graphics/color driver for pdftex
))
\Gin@req@height=\dimen145
\Gin@req@width=\dimen146
) (C:\Users\mxtax\AppData\Roaming\MiKTeX\2.9\tex/latex/fancyhdr\fancyhdr.sty
Package: fancyhdr 2019/01/31 v3.10 Extensive control of page headers and footer
s
\f@nch@headwidth=\skip59
\f@nch@O@elh=\skip60
\f@nch@O@erh=\skip61
\f@nch@O@olh=\skip62
\f@nch@O@orh=\skip63
\f@nch@O@elf=\skip64
\f@nch@O@erf=\skip65
\f@nch@O@olf=\skip66
\f@nch@O@orf=\skip67
) (C:\Users\mxtax\AppData\Local\Programs\MiKTeX\tex/latex/base\textcomp.sty
Package: textcomp 2020/02/02 v2.0n Standard LaTeX package
)
(C:\Users\mxtax\AppData\Roaming\MiKTeX\2.9\tex/latex/titlesec\titlesec.sty
Package: titlesec 2019/10/16 v2.13 Sectioning titles
\ttl@box=\box47
\beforetitleunit=\skip68
\aftertitleunit=\skip69
\ttl@plus=\dimen147
\ttl@minus=\dimen148
\ttl@toksa=\toks23
\titlewidth=\dimen149
\titlewidthlast=\dimen150
\titlewidthfirst=\dimen151
)
(C:\Users\mxtax\AppData\Roaming\MiKTeX\2.9\tex/latex/tabulary\tabulary.sty
Package: tabulary 2014/06/11 v0.10 tabulary package (DPC)

(C:\Users\mxtax\AppData\Local\Programs\MiKTeX\tex/latex/tools\array.sty
Package: array 2019/08/31 v2.4l Tabular extension package (FMi)
\col@sep=\dimen152
\ar@mcellbox=\box48
\extrarowheight=\dimen153
\NC@list=\toks24
\extratabsurround=\skip70
\backup@length=\skip71
\ar@cellbox=\box49
)
\TY@count=\count192
\TY@linewidth=\dimen154
\tymin=\dimen155
\tymax=\dimen156
\TY@tablewidth=\dimen157
)
(C:\Users\mxtax\AppData\Local\Programs\MiKTeX\tex/latex/tools\longtable.sty
Package: longtable 2020/01/07 v4.13 Multi-page Table package (DPC)
\LTleft=\skip72
\LTright=\skip73
\LTpre=\skip74
\LTpost=\skip75
\LTchunksize=\count193
\LTcapwidth=\dimen158
\LT@head=\box50
\LT@firsthead=\box51
\LT@foot=\box52
\LT@lastfoot=\box53
\LT@cols=\count194
\LT@rows=\count195
\c@LT@tables=\count196
\c@LT@chunks=\count197
\LT@p@ftn=\toks25
)
(C:\Users\mxtax\AppData\Roaming\MiKTeX\2.9\tex/latex/varwidth\varwidth.sty
Package: varwidth 2009/03/30 ver 0.92;  Variable-width minipages
\@vwid@box=\box54
\sift@deathcycles=\count198
\@vwid@loff=\dimen159
\@vwid@roff=\dimen160
)
(sphinxmulticell.sty
Package: sphinxmulticell 2017/02/23 v1.6 better span rows and columns of a tabl
e (Sphinx team)
\sphinx@TY@tablewidth=\dimen161
)
(C:\Users\mxtax\AppData\Local\Programs\MiKTeX\tex/latex/base\makeidx.sty
Package: makeidx 2014/09/29 v1.0m Standard LaTeX package
)
(C:\Users\mxtax\AppData\Roaming\MiKTeX\2.9\tex/latex/framed\framed.sty
Package: framed 2011/10/22 v 0.96: framed or shaded text with page breaks
\OuterFrameSep=\skip76
\fb@frw=\dimen162
\fb@frh=\dimen163
\FrameRule=\dimen164
\FrameSep=\dimen165
)
(C:\Users\mxtax\AppData\Roaming\MiKTeX\2.9\tex/latex/xcolor\xcolor.sty
Package: xcolor 2016/05/11 v2.12 LaTeX color extensions (UK)

(C:\Users\mxtax\AppData\Local\Programs\MiKTeX\tex/latex/graphics-cfg\color.cfg
File: color.cfg 2016/01/02 v1.6 sample color configuration
)
Package xcolor Info: Driver file: pdftex.def on input line 225.
Package xcolor Info: Model `cmy' substituted by `cmy0' on input line 1348.
Package xcolor Info: Model `hsb' substituted by `rgb' on input line 1352.
Package xcolor Info: Model `RGB' extended on input line 1364.
Package xcolor Info: Model `HTML' substituted by `rgb' on input line 1366.
Package xcolor Info: Model `Hsb' substituted by `hsb' on input line 1367.
Package xcolor Info: Model `tHsb' substituted by `hsb' on input line 1368.
Package xcolor Info: Model `HSB' substituted by `hsb' on input line 1369.
Package xcolor Info: Model `Gray' substituted by `gray' on input line 1370.
Package xcolor Info: Model `wave' substituted by `hsb' on input line 1371.
) (C:\Users\mxtax\AppData\Roaming\MiKTeX\2.9\tex/latex/fancyvrb\fancyvrb.sty
Package: fancyvrb 2019/10/22

Style option: `fancyvrb' v3.3 <2019/10/22> (tvz)
\FV@CodeLineNo=\count199
\FV@InFile=\read3
\FV@TabBox=\box55
\c@FancyVerbLine=\count266
\FV@StepNumber=\count267
\FV@OutFile=\write3
) (footnotehyper-sphinx.sty
Package: footnotehyper-sphinx 2017/10/27 v1.7 hyperref aware footnote.sty for s
phinx (JFB)
\FNH@notes=\box56
\FNH@width=\dimen166
)
("C:\Program Files\MiKTeX 2.9\tex/latex/float\float.sty"
Package: float 2001/11/08 v1.3d Float enhancements (AL)
\c@float@type=\count268
\float@exts=\toks26
\float@box=\box57
\@float@everytoks=\toks27
\@floatcapt=\box58
)
(C:\Users\mxtax\AppData\Roaming\MiKTeX\2.9\tex/latex/wrapfig\wrapfig.sty
\wrapoverhang=\dimen167
\WF@size=\dimen168
\c@WF@wrappedlines=\count269
\WF@box=\box59
\WF@everypar=\toks28
Package: wrapfig 2003/01/31  v 3.6
)
(C:\Users\mxtax\AppData\Roaming\MiKTeX\2.9\tex/latex/parskip\parskip.sty
Rollback for package 'parskip' requested -> version 'v1'.
         This corresponds to the release introduced on 2001-04-09.

(C:\Users\mxtax\AppData\Roaming\MiKTeX\2.9\tex/latex/parskip\parskip-2001-04-09
.sty
Package: parskip 2001/04/09 non-zero parskip adjustments
)) (C:\Users\mxtax\AppData\Local\Programs\MiKTeX\tex/latex/base\alltt.sty
Package: alltt 1997/06/16 v2.0g defines alltt environment
)
(C:\Users\mxtax\AppData\Roaming\MiKTeX\2.9\tex/latex/upquote\upquote.sty
Package: upquote 2012/04/19 v1.3 upright-quote and grave-accent glyphs in verba
tim
)
(C:\Users\mxtax\AppData\Roaming\MiKTeX\2.9\tex/latex/capt-of\capt-of.sty
Package: capt-of 2009/12/29 v0.2 standard captions outside of floats
)
(C:\Users\mxtax\AppData\Roaming\MiKTeX\2.9\tex/latex/needspace\needspace.sty
Package: needspace 2010/09/12 v1.3d reserve vertical space
)
(sphinxhighlight.sty
Package: sphinxhighlight 2016/05/29 stylesheet for highlighting with pygments
)
(C:\Users\mxtax\AppData\Roaming\MiKTeX\2.9\tex/latex/kvoptions\kvoptions.sty
Package: kvoptions 2019/11/29 v3.13 Key value format for package options (HO)

(C:\Users\mxtax\AppData\Roaming\MiKTeX\2.9\tex/generic/kvsetkeys\kvsetkeys.sty
Package: kvsetkeys 2019/12/15 v1.18 Key value parser (HO)
))
\sphinxverbatimsep=\dimen169
\sphinxverbatimborder=\dimen170
\sphinxshadowsep=\dimen171
\sphinxshadowsize=\dimen172
\sphinxshadowrule=\dimen173
\spx@notice@border=\dimen174
\spx@image@maxheight=\dimen175
\spx@image@box=\dimen176
\c@literalblock=\count270
\sphinxcontinuationbox=\box60
\sphinxvisiblespacebox=\box61
\sphinxVerbatim@TitleBox=\box62
\py@argswidth=\skip77
\lineblockindentation=\skip78
\DUlineblockindent=\skip79
) ("C:\Program Files\MiKTeX 2.9\tex/latex/geometry\geometry.sty"
Package: geometry 2020/01/02 v5.9 Page Geometry

(C:\Users\mxtax\AppData\Roaming\MiKTeX\2.9\tex/generic/iftex\ifvtex.sty
Package: ifvtex 2019/10/25 v1.7 ifvtex legacy package. Use iftex instead.

(C:\Users\mxtax\AppData\Roaming\MiKTeX\2.9\tex/generic/iftex\iftex.sty
Package: iftex 2019/10/24 v1.0a TeX engine tests
))
\Gm@cnth=\count271
\Gm@cntv=\count272
\c@Gm@tempcnt=\count273
\Gm@bindingoffset=\dimen177
\Gm@wd@mp=\dimen178
\Gm@odd@mp=\dimen179
\Gm@even@mp=\dimen180
\Gm@layoutwidth=\dimen181
\Gm@layoutheight=\dimen182
\Gm@layouthoffset=\dimen183
\Gm@layoutvoffset=\dimen184
\Gm@dimlist=\toks29

("C:\Program Files\MiKTeX 2.9\tex/latex/geometry\geometry.cfg"))
(C:\Users\mxtax\AppData\Local\Programs\MiKTeX\tex/latex/hyperref\hyperref.sty
Package: hyperref 2020-05-15 v7.00e Hypertext links for LaTeX

(C:\Users\mxtax\AppData\Roaming\MiKTeX\2.9\tex/latex/pdftexcmds\pdftexcmds.sty
Package: pdftexcmds 2019/11/24 v0.31 Utility functions of pdfTeX for LuaTeX (HO
)

(C:\Users\mxtax\AppData\Roaming\MiKTeX\2.9\tex/generic/infwarerr\infwarerr.sty
Package: infwarerr 2019/12/03 v1.5 Providing info/warning/error messages (HO)
)

LaTeX Warning: You have requested, on input line 186, version
               `2019/11/07' of package iftex,
               but only version
               `2019/10/24 v1.0a TeX engine tests'
               is available.

Package pdftexcmds Info: \pdf@primitive is available.
Package pdftexcmds Info: \pdf@ifprimitive is available.
Package pdftexcmds Info: \pdfdraftmode found.
)
(C:\Users\mxtax\AppData\Roaming\MiKTeX\2.9\tex/generic/kvdefinekeys\kvdefinekey
s.sty
Package: kvdefinekeys 2019-12-19 v1.6 Define keys (HO)
)
(C:\Users\mxtax\AppData\Roaming\MiKTeX\2.9\tex/generic/pdfescape\pdfescape.sty
Package: pdfescape 2019/12/09 v1.15 Implements pdfTeX's escape features (HO)
) (C:\Users\mxtax\AppData\Roaming\MiKTeX\2.9\tex/latex/hycolor\hycolor.sty
Package: hycolor 2019/12/15 v1.9 Color options for hyperref/bookmark (HO)

(C:\Users\mxtax\AppData\Roaming\MiKTeX\2.9\tex/latex/hycolor\xcolor-patch.sty
Package: xcolor-patch 2019/12/15 xcolor patch

(C:\Users\mxtax\AppData\Local\Programs\MiKTeX\tex/latex/oberdiek\hopatch.sty
Package: hopatch 2016/05/16 v1.3 Wrapper for package hooks (HO)
)))
(C:\Users\mxtax\AppData\Roaming\MiKTeX\2.9\tex/latex/letltxmacro\letltxmacro.st
y
Package: letltxmacro 2019/12/03 v1.6 Let assignment for LaTeX macros (HO)
) (C:\Users\mxtax\AppData\Roaming\MiKTeX\2.9\tex/latex/auxhook\auxhook.sty
Package: auxhook 2019-12-17 v1.6 Hooks for auxiliary files (HO)
)
\@linkdim=\dimen185
\Hy@linkcounter=\count274
\Hy@pagecounter=\count275

(C:\Users\mxtax\AppData\Local\Programs\MiKTeX\tex/latex/hyperref\pd1enc.def
File: pd1enc.def 2020-05-15 v7.00e Hyperref: PDFDocEncoding definition (HO)
Now handling font encoding PD1 ...
... no UTF-8 mapping file for font encoding PD1
)
(C:\Users\mxtax\AppData\Roaming\MiKTeX\2.9\tex/generic/intcalc\intcalc.sty
Package: intcalc 2019/12/15 v1.3 Expandable calculations with integers (HO)
)
(C:\Users\mxtax\AppData\Roaming\MiKTeX\2.9\tex/generic/etexcmds\etexcmds.sty
Package: etexcmds 2019/12/15 v1.7 Avoid name clashes with e-TeX commands (HO)


LaTeX Warning: You have requested, on input line 184, version
               `2019/11/07' of package iftex,
               but only version
               `2019/10/24 v1.0a TeX engine tests'
               is available.

)
\Hy@SavedSpaceFactor=\count276
\pdfmajorversion=\count277
 ("C:\Program Files\MiKTeX 2.9\tex/latex/00miktex\hyperref.cfg"
File: hyperref.cfg 2002/06/06 v1.2 hyperref configuration of TeXLive
)
Package hyperref Info: Option `unicode' set `true' on input line 4338.

(C:\Users\mxtax\AppData\Local\Programs\MiKTeX\tex/latex/hyperref\puenc.def
File: puenc.def 2020-05-15 v7.00e Hyperref: PDF Unicode definition (HO)
Now handling font encoding PU ...
... no UTF-8 mapping file for font encoding PU
)
Package hyperref Info: Option `colorlinks' set `true' on input line 4338.
Package hyperref Info: Option `breaklinks' set `true' on input line 4338.
Package hyperref Info: Hyper figures OFF on input line 4464.
Package hyperref Info: Link nesting OFF on input line 4469.
Package hyperref Info: Hyper index ON on input line 4472.
Package hyperref Info: Plain pages OFF on input line 4479.
Package hyperref Info: Backreferencing OFF on input line 4484.
Package hyperref Info: Implicit mode ON; LaTeX internals redefined.
Package hyperref Info: Bookmarks ON on input line 4717.
\c@Hy@tempcnt=\count278

(C:\Users\mxtax\AppData\Roaming\MiKTeX\2.9\tex/latex/url\url.sty
\Urlmuskip=\muskip17
Package: url 2013/09/16  ver 3.4  Verb mode for urls, etc.
)
LaTeX Info: Redefining \url on input line 5076.
\XeTeXLinkMargin=\dimen186

(C:\Users\mxtax\AppData\Roaming\MiKTeX\2.9\tex/generic/bitset\bitset.sty
Package: bitset 2019/12/09 v1.3 Handle bit-vector datatype (HO)

(C:\Users\mxtax\AppData\Roaming\MiKTeX\2.9\tex/generic/bigintcalc\bigintcalc.st
y
Package: bigintcalc 2019/12/15 v1.5 Expandable calculations on big integers (HO
)
))
\Fld@menulength=\count279
\Field@Width=\dimen187
\Fld@charsize=\dimen188
Package hyperref Info: Hyper figures OFF on input line 6347.
Package hyperref Info: Link nesting OFF on input line 6352.
Package hyperref Info: Hyper index ON on input line 6355.
Package hyperref Info: backreferencing OFF on input line 6362.
Package hyperref Info: Link coloring ON on input line 6365.
Package hyperref Info: Link coloring with OCG OFF on input line 6372.
Package hyperref Info: PDF/A mode OFF on input line 6377.
LaTeX Info: Redefining \ref on input line 6417.
LaTeX Info: Redefining \pageref on input line 6421.

(C:\Users\mxtax\AppData\Roaming\MiKTeX\2.9\tex/generic/atbegshi\atbegshi.sty
Package: atbegshi 2019/12/05 v1.19 At begin shipout hook (HO)


LaTeX Warning: You have requested, on input line 474, version
               `2019/11/07' of package iftex,
               but only version
               `2019/10/24 v1.0a TeX engine tests'
               is available.

)
\Hy@abspage=\count280
\c@Item=\count281
\c@Hfootnote=\count282
)
Package hyperref Info: Driver (autodetected): hpdftex.
 (C:\Users\mxtax\AppData\Local\Programs\MiKTeX\tex/latex/hyperref\hpdftex.def
File: hpdftex.def 2020-05-15 v7.00e Hyperref driver for pdfTeX
(C:\Users\mxtax\AppData\Roaming\MiKTeX\2.9\tex/latex/atveryend\atveryend.sty
Package: atveryend 2019-12-11 v1.11 Hooks at the very end of document (HO)
Package atveryend Info: \enddocument detected (standard20110627).
)
\Fld@listcount=\count283
\c@bookmark@seq@number=\count284

(C:\Users\mxtax\AppData\Roaming\MiKTeX\2.9\tex/latex/rerunfilecheck\rerunfilech
eck.sty
Package: rerunfilecheck 2019/12/05 v1.9 Rerun checks for auxiliary files (HO)

(C:\Users\mxtax\AppData\Roaming\MiKTeX\2.9\tex/generic/uniquecounter\uniquecoun
ter.sty
Package: uniquecounter 2019/12/15 v1.4 Provide unlimited unique counter (HO)
)
Package uniquecounter Info: New unique counter `rerunfilecheck' on input line 2
86.
)
\Hy@SectionHShift=\skip80
)
(C:\Users\mxtax\AppData\Local\Programs\MiKTeX\tex/latex/oberdiek\hypcap.sty
Package: hypcap 2016/05/16 v1.12 Adjusting the anchors of captions (HO)
)
(sphinxmessages.sty
Package: sphinxmessages 2019/01/04 v2.0 Localized LaTeX macros (Sphinx team)
)
\@indexfile=\write4
\openout4 = `Aqconfig.idx'.


Writing index file Aqconfig.idx
(Aqconfig.aux)
\openout1 = `Aqconfig.aux'.

LaTeX Font Info:    Checking defaults for OML/cmm/m/it on input line 80.
LaTeX Font Info:    ... okay on input line 80.
LaTeX Font Info:    Checking defaults for OMS/cmsy/m/n on input line 80.
LaTeX Font Info:    ... okay on input line 80.
LaTeX Font Info:    Checking defaults for OT1/cmr/m/n on input line 80.
LaTeX Font Info:    ... okay on input line 80.
LaTeX Font Info:    Checking defaults for T1/cmr/m/n on input line 80.
LaTeX Font Info:    ... okay on input line 80.
LaTeX Font Info:    Checking defaults for TS1/cmr/m/n on input line 80.
LaTeX Font Info:    ... okay on input line 80.
LaTeX Font Info:    Checking defaults for OMX/cmex/m/n on input line 80.
LaTeX Font Info:    ... okay on input line 80.
LaTeX Font Info:    Checking defaults for U/cmr/m/n on input line 80.
LaTeX Font Info:    ... okay on input line 80.
LaTeX Font Info:    Checking defaults for PD1/pdf/m/n on input line 80.
LaTeX Font Info:    ... okay on input line 80.
LaTeX Font Info:    Checking defaults for PU/pdf/m/n on input line 80.
LaTeX Font Info:    ... okay on input line 80.
LaTeX Font Info:    Trying to load font information for T1+ptm on input line 80
.
 ("C:\Program Files\MiKTeX 2.9\tex/latex/psnfss\t1ptm.fd"
File: t1ptm.fd 2001/06/04 font definitions for T1/ptm.
)
(C:\Users\mxtax\AppData\Roaming\MiKTeX\2.9\tex/latex/l3backend\l3backend-pdfmod
e.def
File: l3backend-pdfmode.def 2019-04-06 L3 backend support: PDF mode
\l__kernel_color_stack_int=\count285
\l__pdf_internal_box=\box63
)
(C:\Users\mxtax\AppData\Roaming\MiKTeX\2.9\tex/context/base/mkii\supp-pdf.mkii
[Loading MPS to PDF converter (version 2006.09.02).]
\scratchcounter=\count286
\scratchdimen=\dimen189
\scratchbox=\box64
\nofMPsegments=\count287
\nofMParguments=\count288
\everyMPshowfont=\toks30
\MPscratchCnt=\count289
\MPscratchDim=\dimen190
\MPnumerator=\count290
\makeMPintoPDFobject=\count291
\everyMPtoPDFconversion=\toks31
)
(C:\Users\mxtax\AppData\Roaming\MiKTeX\2.9\tex/latex/epstopdf-pkg\epstopdf-base
.sty
Package: epstopdf-base 2019-12-09 v2.10 Base part for package epstopdf
Package epstopdf-base Info: Redefining graphics rule for `.eps' on input line 4
85.
)
*geometry* driver: auto-detecting
*geometry* detected driver: pdftex
*geometry* verbose mode - [ preamble ] result:
* driver: pdftex
* paper: a4paper
* layout: <same size as paper>
* layoutoffset:(h,v)=(0.0pt,0.0pt)
* modes: twoside 
* h-part:(L,W,R)=(72.26999pt, 452.9679pt, 72.26999pt)
* v-part:(T,H,B)=(72.26999pt, 700.50687pt, 72.26999pt)
* \paperwidth=597.50787pt
* \paperheight=845.04684pt
* \textwidth=452.9679pt
* \textheight=700.50687pt
* \oddsidemargin=0.0pt
* \evensidemargin=0.0pt
* \topmargin=-37.0pt
* \headheight=12.0pt
* \headsep=25.0pt
* \topskip=10.0pt
* \footskip=30.0pt
* \marginparwidth=36.135pt
* \marginparsep=11.0pt
* \columnsep=10.0pt
* \skip\footins=9.0pt plus 4.0pt minus 2.0pt
* \hoffset=0.0pt
* \voffset=0.0pt
* \mag=1000
* \@twocolumnfalse
* \@twosidetrue
* \@mparswitchtrue
* \@reversemarginfalse
* (1in=72.27pt=25.4mm, 1cm=28.453pt)

\AtBeginShipoutBox=\box65
Package hyperref Info: Link coloring ON on input line 80.
(C:\Users\mxtax\AppData\Local\Programs\MiKTeX\tex/latex/hyperref\nameref.sty
Package: nameref 2019/09/16 v2.46 Cross-referencing by name of section

(C:\Users\mxtax\AppData\Roaming\MiKTeX\2.9\tex/latex/refcount\refcount.sty
Package: refcount 2019/12/15 v3.6 Data extraction from label references (HO)
)
(C:\Users\mxtax\AppData\Roaming\MiKTeX\2.9\tex/generic/gettitlestring\gettitles
tring.sty
Package: gettitlestring 2019/12/15 v1.6 Cleanup title references (HO)
)
\c@section@level=\count292
)
LaTeX Info: Redefining \ref on input line 80.
LaTeX Info: Redefining \pageref on input line 80.
LaTeX Info: Redefining \nameref on input line 80.
 (Aqconfig.out) (Aqconfig.out)
\@outlinefile=\write5
\openout5 = `Aqconfig.out'.

Package hyperref Info: Option `pageanchor' set `false' on input line 88.
LaTeX Font Info:    Trying to load font information for T1+phv on input line 88
.

("C:\Program Files\MiKTeX 2.9\tex/latex/psnfss\t1phv.fd"
File: t1phv.fd 2001/06/04 scalable font definitions for T1/phv.


LaTeX Warning: Font shape declaration has incorrect series value `mc'.
               It should not contain an `m'! Please correct it.
               Found on input line 20.


LaTeX Warning: Font shape declaration has incorrect series value `mc'.
               It should not contain an `m'! Please correct it.
               Found on input line 23.


LaTeX Warning: Font shape declaration has incorrect series value `mc'.
               It should not contain an `m'! Please correct it.
               Found on input line 26.


LaTeX Warning: Font shape declaration has incorrect series value `mc'.
               It should not contain an `m'! Please correct it.
               Found on input line 46.

)
LaTeX Font Info:    Font shape `T1/phv/b/it' in size <10> not available
(Font)              Font shape `T1/phv/b/sl' tried instead on input line 88.
LaTeX Font Info:    Font shape `T1/phv/b/it' in size <17.28> not available
(Font)              Font shape `T1/phv/b/sl' tried instead on input line 88.
<<ot1.cmap>><<oml.cmap>><<oms.cmap>><<omx.cmap>>
LaTeX Font Info:    Trying to load font information for U+msa on input line 88.


(C:\Users\mxtax\AppData\Local\Programs\MiKTeX\tex/latex/amsfonts\umsa.fd
File: umsa.fd 2013/01/14 v3.01 AMS symbols A
)
LaTeX Font Info:    Trying to load font information for U+msb on input line 88.


(C:\Users\mxtax\AppData\Local\Programs\MiKTeX\tex/latex/amsfonts\umsb.fd
File: umsb.fd 2013/01/14 v3.01 AMS symbols B
)
[1

{C:/Users/mxtax/AppData/Local/MiKTeX/2.9/pdftex/config/pdftex.map}] [2


]
(Aqconfig.toc)
\tf@toc=\write6
\openout6 = `Aqconfig.toc'.

 [1

] [2

] [1] [2

]
Chapter 1.
[3] [4

]
Chapter 2.
<toolbar.png, id=138, 603.75563pt x 80.55093pt>
LaTeX Font Info:    Trying to load font information for T1+pcr on input line 14
5.
("C:\Program Files\MiKTeX 2.9\tex/latex/psnfss\t1pcr.fd"
File: t1pcr.fd 2001/06/04 font definitions for T1/pcr.
)
File: toolbar.png Graphic file (type png)
<use toolbar.png>
Package pdftex.def Info: toolbar.png  used on input line 145.
(pdftex.def)             Requested size: 452.96301pt x 60.43517pt.
<btn-document-new.png, id=140, 100.54956pt x 100.54956pt>
File: btn-document-new.png Graphic file (type png)
<use btn-document-new.png>
Package pdftex.def Info: btn-document-new.png  used on input line 158.
(pdftex.def)             Requested size: 24.08942pt x 24.08942pt.
<btn-document-open.png, id=141, 25.696pt x 25.696pt>
File: btn-document-open.png Graphic file (type png)
<use btn-document-open.png>
Package pdftex.def Info: btn-document-open.png  used on input line 167.
(pdftex.def)             Requested size: 24.09032pt x 24.09032pt.
<btn-document-save.png, id=142, 100.54956pt x 100.54956pt>
File: btn-document-save.png Graphic file (type png)
<use btn-document-save.png>
Package pdftex.def Info: btn-document-save.png  used on input line 176.
(pdftex.def)             Requested size: 24.08942pt x 24.08942pt.
<btn-document-save-as.png, id=143, 100.54956pt x 100.54956pt>
File: btn-document-save-as.png Graphic file (type png)
<use btn-document-save-as.png>
Package pdftex.def Info: btn-document-save-as.png  used on input line 185.
(pdftex.def)             Requested size: 24.08942pt x 24.08942pt.
<btn-configure.png, id=144, 12.848pt x 12.848pt>
File: btn-configure.png Graphic file (type png)
<use btn-configure.png>
Package pdftex.def Info: btn-configure.png  used on input line 194.
(pdftex.def)             Requested size: 24.09032pt x 24.09032pt.
<btn-ms_dos_batch_file.png, id=145, 32.12pt x 32.12pt>
File: btn-ms_dos_batch_file.png Graphic file (type png)
<use btn-ms_dos_batch_file.png>
Package pdftex.def Info: btn-ms_dos_batch_file.png  used on input line 203.
(pdftex.def)             Requested size: 24.08992pt x 24.08992pt.
 [5 <./toolbar.png> <./btn-document-new.png> <./btn-document-open.png> <./btn-d
ocument-save.png> <./btn-document-save-as.png> <./btn-configure.png> <./btn-ms_
dos_batch_file.png>]
<btn-close.png, id=164, 25.696pt x 25.696pt>
File: btn-close.png Graphic file (type png)
<use btn-close.png>
Package pdftex.def Info: btn-close.png  used on input line 213.
(pdftex.def)             Requested size: 24.09032pt x 24.09032pt.
<btn-help-contents.png, id=165, 25.696pt x 25.696pt>
File: btn-help-contents.png Graphic file (type png)
<use btn-help-contents.png>
Package pdftex.def Info: btn-help-contents.png  used on input line 230.
(pdftex.def)             Requested size: 24.09032pt x 24.09032pt.
<btn-help-contextual.png, id=166, 25.696pt x 25.696pt>
File: btn-help-contextual.png Graphic file (type png)
<use btn-help-contextual.png>
Package pdftex.def Info: btn-help-contextual.png  used on input line 239.
(pdftex.def)             Requested size: 24.09032pt x 24.09032pt.
<btn-help-about.png, id=167, 100.54956pt x 100.54956pt>
File: btn-help-about.png Graphic file (type png)
<use btn-help-about.png>
Package pdftex.def Info: btn-help-about.png  used on input line 249.
(pdftex.def)             Requested size: 24.08942pt x 24.08942pt.
<about.png, id=168, 347.04657pt x 426.84468pt>
File: about.png Graphic file (type png)
<use about.png>
Package pdftex.def Info: about.png  used on input line 260.
(pdftex.def)             Requested size: 347.04572pt x 426.84364pt.

[6 <./btn-close.png> <./btn-help-contents.png> <./btn-help-contextual.png> <./b
tn-help-about.png>]
<statusbar.png, id=182, 603.75563pt x 36.135pt>
File: statusbar.png Graphic file (type png)
<use statusbar.png>
Package pdftex.def Info: statusbar.png  used on input line 265.
(pdftex.def)             Requested size: 452.96301pt x 27.10999pt.
 [7 <./about.png> <./statusbar.png>] [8

]
Chapter 3.
<01_info.png, id=193, 603.75563pt x 490.83376pt>
File: 01_info.png Graphic file (type png)
<use 01_info.png>
Package pdftex.def Info: 01_info.png  used on input line 272.
(pdftex.def)             Requested size: 452.96301pt x 368.25922pt.
[9 <./01_info.png>] [10

]
Chapter 4.
<02_com.png, id=209, 603.75563pt x 490.83376pt>
File: 02_com.png Graphic file (type png)
<use 02_com.png>
Package pdftex.def Info: 02_com.png  used on input line 312.
(pdftex.def)             Requested size: 452.96301pt x 368.25922pt.
<hwconfig.png, id=210, 307.90031pt x 320.69812pt>
File: hwconfig.png Graphic file (type png)
<use hwconfig.png>
Package pdftex.def Info: hwconfig.png  used on input line 343.
(pdftex.def)             Requested size: 307.89955pt x 320.69733pt.
[11 <./02_com.png>] [12 <./hwconfig.png>]
Chapter 5.
<03_misc.png, id=225, 603.75563pt x 490.83376pt>
File: 03_misc.png Graphic file (type png)
<use 03_misc.png>
Package pdftex.def Info: 03_misc.png  used on input line 348.
(pdftex.def)             Requested size: 452.96301pt x 368.25922pt.
<dialog-storage-path.png, id=226, 935.74594pt x 547.2947pt>
File: dialog-storage-path.png Graphic file (type png)
<use dialog-storage-path.png>
Package pdftex.def Info: dialog-storage-path.png  used on input line 364.
(pdftex.def)             Requested size: 368.56615pt x 215.56523pt.
[13

 <./03_misc.png>] [14 <./dialog-storage-path.png>]
Chapter 6.
<04_trigger.png, id=241, 603.75563pt x 490.83376pt>
File: 04_trigger.png Graphic file (type png)
<use 04_trigger.png>
Package pdftex.def Info: 04_trigger.png  used on input line 398.
(pdftex.def)             Requested size: 452.96301pt x 368.25922pt.
<04_trigger-signal.png, id=242, 186.6975pt x 235.63031pt>
File: 04_trigger-signal.png Graphic file (type png)
<use 04_trigger-signal.png>
Package pdftex.def Info: 04_trigger-signal.png  used on input line 411.
(pdftex.def)             Requested size: 186.69704pt x 235.62973pt.
[15

 <./04_trigger.png>] [16 <./04_trigger-signal.png>]
Chapter 7.
<05_debug.png, id=260, 603.75563pt x 490.83376pt>
File: 05_debug.png Graphic file (type png)
<use 05_debug.png>
Package pdftex.def Info: 05_debug.png  used on input line 450.
(pdftex.def)             Requested size: 452.96301pt x 368.25922pt.
[17

 <./05_debug.png>] [18

]
Chapter 8.
<06_value.png, id=272, 603.75563pt x 490.83376pt>
File: 06_value.png Graphic file (type png)
<use 06_value.png>
Package pdftex.def Info: 06_value.png  used on input line 473.
(pdftex.def)             Requested size: 452.96301pt x 368.25922pt.
[19 <./06_value.png>]
<06_values-value.png, id=283, 603.75563pt x 262.73157pt>
File: 06_values-value.png Graphic file (type png)
<use 06_values-value.png>
Package pdftex.def Info: 06_values-value.png  used on input line 589.
(pdftex.def)             Requested size: 452.96301pt x 197.12033pt.
 [20 <./06_values-value.png>]
<07_values-bool.png, id=304, 603.75563pt x 258.9675pt>
File: 07_values-bool.png Graphic file (type png)
<use 07_values-bool.png>
Package pdftex.def Info: 07_values-bool.png  used on input line 631.
(pdftex.def)             Requested size: 452.96301pt x 194.3002pt.
<dialog-duplicate.png, id=305, 603.0028pt x 492.33937pt>
File: dialog-duplicate.png Graphic file (type png)
<use dialog-duplicate.png>
Package pdftex.def Info: dialog-duplicate.png  used on input line 699.
(pdftex.def)             Requested size: 452.96867pt x 369.8546pt.
 [21 <./07_values-bool.png>]
[22 <./dialog-duplicate.png>]
Chapter 9.
<08_list.png, id=327, 603.75563pt x 490.83376pt>
File: 08_list.png Graphic file (type png)
<use 08_list.png>
Package pdftex.def Info: 08_list.png  used on input line 704.
(pdftex.def)             Requested size: 452.96301pt x 368.25922pt.
[23

 <./08_list.png>] [24

]
Chapter 10.
<dialog-settings.png, id=339, 604.50844pt x 491.58656pt>
File: dialog-settings.png Graphic file (type png)
<use dialog-settings.png>
Package pdftex.def Info: dialog-settings.png  used on input line 730.
(pdftex.def)             Requested size: 452.96513pt x 368.36647pt.
<dialog-path.png, id=340, 984.67876pt x 548.80031pt>
File: dialog-path.png Graphic file (type png)
<use dialog-path.png>
Package pdftex.def Info: dialog-path.png  used on input line 738.
(pdftex.def)             Requested size: 368.56247pt x 205.4144pt.
[25 <./dialog-settings.png>] [26 <./dialog-path.png>]
Chapter 11.
LaTeX Font Info:    Trying to load font information for TS1+ptm on input line 7
74.
("C:\Program Files\MiKTeX 2.9\tex/latex/psnfss\ts1ptm.fd"
File: ts1ptm.fd 2001/06/04 font definitions for TS1/ptm.
) [27

] [28

]
Chapter 12.
No file Aqconfig.ind.
Package atveryend Info: Empty hook `BeforeClearDocument' on input line 823.
[29]
Package atveryend Info: Empty hook `AfterLastShipout' on input line 823.
 (Aqconfig.aux)
Package atveryend Info: Executing hook `AtVeryEndDocument' on input line 823.
Package atveryend Info: Executing hook `AtEndAfterFileList' on input line 823.
Package rerunfilecheck Info: File `Aqconfig.out' has not changed.
(rerunfilecheck)             Checksum: 1927D0D177537C35C110CCE4A0A1AFC7;1869.
Package atveryend Info: Empty hook `AtVeryVeryEnd' on input line 823.
 ) 
Here is how much of TeX's memory you used:
 13865 strings out of 481743
 199476 string characters out of 2919317
 462938 words of memory out of 3000000
 28435 multiletter control sequences out of 15000+200000
 575116 words of font info for 72 fonts, out of 3000000 for 9000
 1142 hyphenation exceptions out of 8191
 41i,12n,49p,256b,617s stack positions out of 5000i,500n,10000p,200000b,50000s
{C:/Users/mxtax/AppData/Local/Programs/MiKTeX/fonts/enc/dvips/base/8r.enc}<C:
/Users/mxtax/AppData/Local/Programs/MiKTeX/fonts/type1/urw/helvetic/uhvb8a.pfb>
<C:/Users/mxtax/AppData/Local/Programs/MiKTeX/fonts/type1/urw/helvetic/uhvbo8a.
pfb><C:/Users/mxtax/AppData/Local/Programs/MiKTeX/fonts/type1/urw/times/utmb8a.
pfb><C:/Users/mxtax/AppData/Local/Programs/MiKTeX/fonts/type1/urw/times/utmr8a.
pfb>
Output written on Aqconfig.pdf (33 pages, 1155114 bytes).
PDF statistics:
 414 PDF objects out of 1000 (max. 8388607)
 121 named destinations out of 1000 (max. 500000)
 297 words of extra memory for PDF output out of 10000 (max. 10000000)

